<?xml version="1.0" encoding="UTF-8"?>
<testsuite name="org.hyperskill.stopwatch.SettingsDialogFragmentTest" tests="8" skipped="0" failures="0" errors="0" timestamp="2022-01-02T09:15:50" hostname="DESKTOP-G7N0UQA" time="12.258">
  <properties/>
  <testcase name="testShouldCheckColorsOnRestart" classname="org.hyperskill.stopwatch.SettingsDialogFragmentTest" time="4.11"/>
  <testcase name="testShouldCheckSettingsButtonEnable" classname="org.hyperskill.stopwatch.SettingsDialogFragmentTest" time="0.44"/>
  <testcase name="testShouldCheckLimitIsSetOnOk" classname="org.hyperskill.stopwatch.SettingsDialogFragmentTest" time="3.537"/>
  <testcase name="testShouldCheckLimitIsNotSetOnCancel" classname="org.hyperskill.stopwatch.SettingsDialogFragmentTest" time="3.527"/>
  <testcase name="testShouldCheckSettingsButtonExist" classname="org.hyperskill.stopwatch.SettingsDialogFragmentTest" time="0.123"/>
  <testcase name="testDialogButtonsShouldContainText" classname="org.hyperskill.stopwatch.SettingsDialogFragmentTest" time="0.21"/>
  <testcase name="testShouldCheckSettingsButtonText" classname="org.hyperskill.stopwatch.SettingsDialogFragmentTest" time="0.127"/>
  <testcase name="testShouldShowAlertDialogOnSettingsButtonClick" classname="org.hyperskill.stopwatch.SettingsDialogFragmentTest" time="0.184"/>
  <system-out><![CDATA[[Robolectric] org.hyperskill.stopwatch.SettingsDialogFragmentTest.testShouldCheckColorsOnRestart: sdk=28; resources=BINARY
[Robolectric] org.hyperskill.stopwatch.SettingsDialogFragmentTest.testShouldCheckSettingsButtonEnable: sdk=28; resources=BINARY
[Robolectric] org.hyperskill.stopwatch.SettingsDialogFragmentTest.testShouldCheckLimitIsSetOnOk: sdk=28; resources=BINARY
[Robolectric] org.hyperskill.stopwatch.SettingsDialogFragmentTest.testShouldCheckLimitIsNotSetOnCancel: sdk=28; resources=BINARY
[Robolectric] org.hyperskill.stopwatch.SettingsDialogFragmentTest.testShouldCheckSettingsButtonExist: sdk=28; resources=BINARY
[Robolectric] org.hyperskill.stopwatch.SettingsDialogFragmentTest.testDialogButtonsShouldContainText: sdk=28; resources=BINARY
[Robolectric] org.hyperskill.stopwatch.SettingsDialogFragmentTest.testShouldCheckSettingsButtonText: sdk=28; resources=BINARY
[Robolectric] org.hyperskill.stopwatch.SettingsDialogFragmentTest.testShouldShowAlertDialogOnSettingsButtonClick: sdk=28; resources=BINARY
]]></system-out>
  <system-err><![CDATA[]]></system-err>
</testsuite>
