<?xml version="1.0" encoding="UTF-8"?>
<testsuite name="org.hyperskill.stopwatch.ExampleUnitTest" tests="5" skipped="0" failures="0" errors="0" timestamp="2022-01-02T09:16:10" hostname="DESKTOP-G7N0UQA" time="0.525">
  <properties/>
  <testcase name="testShouldCheckTextViewExist" classname="org.hyperskill.stopwatch.ExampleUnitTest" time="0.109"/>
  <testcase name="testShouldCheckResetButtonExist" classname="org.hyperskill.stopwatch.ExampleUnitTest" time="0.108"/>
  <testcase name="testShouldCheckResetButtonText" classname="org.hyperskill.stopwatch.ExampleUnitTest" time="0.104"/>
  <testcase name="testShouldCheckStartButtonText" classname="org.hyperskill.stopwatch.ExampleUnitTest" time="0.101"/>
  <testcase name="testShouldCheckStartButtonExist" classname="org.hyperskill.stopwatch.ExampleUnitTest" time="0.103"/>
  <system-out><![CDATA[[Robolectric] org.hyperskill.stopwatch.ExampleUnitTest.testShouldCheckTextViewExist: sdk=28; resources=BINARY
[Robolectric] org.hyperskill.stopwatch.ExampleUnitTest.testShouldCheckResetButtonExist: sdk=28; resources=BINARY
[Robolectric] org.hyperskill.stopwatch.ExampleUnitTest.testShouldCheckResetButtonText: sdk=28; resources=BINARY
[Robolectric] org.hyperskill.stopwatch.ExampleUnitTest.testShouldCheckStartButtonText: sdk=28; resources=BINARY
[Robolectric] org.hyperskill.stopwatch.ExampleUnitTest.testShouldCheckStartButtonExist: sdk=28; resources=BINARY
]]></system-out>
  <system-err><![CDATA[]]></system-err>
</testsuite>
