<?xml version="1.0" encoding="UTF-8"?>
<testsuite name="org.hyperskill.stopwatch.ProgressBarUnitTests" tests="6" skipped="0" failures="0" errors="0" timestamp="2022-01-02T09:15:36" hostname="DESKTOP-G7N0UQA" time="14.109">
  <properties/>
  <testcase name="testShouldCheckProgressBarColorEachSecond" classname="org.hyperskill.stopwatch.ProgressBarUnitTests" time="11.705"/>
  <testcase name="testShouldCheckProgressBarInvisibilityOnInit" classname="org.hyperskill.stopwatch.ProgressBarUnitTests" time="0.269"/>
  <testcase name="testShouldCheckProgressBarVisibilityOnStart" classname="org.hyperskill.stopwatch.ProgressBarUnitTests" time="0.224"/>
  <testcase name="testShouldCheckMultipleClicks" classname="org.hyperskill.stopwatch.ProgressBarUnitTests" time="1.599"/>
  <testcase name="testShouldCheckProgressBarExists" classname="org.hyperskill.stopwatch.ProgressBarUnitTests" time="0.146"/>
  <testcase name="testShouldCheckProgressBarInvisibilityOnReset" classname="org.hyperskill.stopwatch.ProgressBarUnitTests" time="0.165"/>
  <system-out><![CDATA[[Robolectric] org.hyperskill.stopwatch.ProgressBarUnitTests.testShouldCheckProgressBarColorEachSecond: sdk=28; resources=BINARY
Called loadFromPath(/system/framework/framework-res.apk, true); mode=binary sdk=28
[Robolectric] org.hyperskill.stopwatch.ProgressBarUnitTests.testShouldCheckProgressBarInvisibilityOnInit: sdk=28; resources=BINARY
[Robolectric] org.hyperskill.stopwatch.ProgressBarUnitTests.testShouldCheckProgressBarVisibilityOnStart: sdk=28; resources=BINARY
[Robolectric] org.hyperskill.stopwatch.ProgressBarUnitTests.testShouldCheckMultipleClicks: sdk=28; resources=BINARY
[Robolectric] org.hyperskill.stopwatch.ProgressBarUnitTests.testShouldCheckProgressBarExists: sdk=28; resources=BINARY
[Robolectric] org.hyperskill.stopwatch.ProgressBarUnitTests.testShouldCheckProgressBarInvisibilityOnReset: sdk=28; resources=BINARY
]]></system-out>
  <system-err><![CDATA[]]></system-err>
</testsuite>
